<?xml version="1.0" encoding="UTF-8"?>
<testsuite name="Thibault_AJ_Capstone_CaseStudy"
           tests="3"
           failures="0"
           errors="0"
           skipped="0"
           time="78.315">
    <properties></properties>



            <testcase
                name="failedCheckout"
                time="28.618"
                classname="capstone.aj.testcases.CheckOutTests">
            </testcase>
            <testcase
                name="checkoutMandatoryFields"
                time="28.601"
                classname="capstone.aj.testcases.CheckOutTests">
            </testcase>
            <testcase
                name="PaymentMethodsAvailable"
                time="21.096"
                classname="capstone.aj.testcases.CheckOutTests">
            </testcase>
</testsuite>
