<?xml version="1.0" encoding="UTF-8"?>
<testsuite name="CartTests"
           tests="6"
           failures="0"
           errors="0"
           skipped="0"
           time="20.577">
    <properties></properties>



            <testcase
                name="cartAndProductAmountMatch"
                time="3.480"
                classname="capstone.aj.testcases.CartTests">
            </testcase>
            <testcase
                name="clearCart"
                time="4.077"
                classname="capstone.aj.testcases.CartTests">
            </testcase>
            <testcase
                name="VerifyPriceIsPresent"
                time="1.543"
                classname="capstone.aj.testcases.CartTests">
            </testcase>
            <testcase
                name="ConfirmProductAddedToCart"
                time="3.425"
                classname="capstone.aj.testcases.CartTests">
            </testcase>
            <testcase
                name="productsStayInCart"
                time="4.446"
                classname="capstone.aj.testcases.CartTests">
            </testcase>
            <testcase
                name="increaseQuantity"
                time="3.606"
                classname="capstone.aj.testcases.CartTests">
            </testcase>
</testsuite>
