<?xml version="1.0" encoding="UTF-8"?>
<testsuite name="UserLogin"
           tests="2"
           failures="0"
           errors="0"
           skipped="0"
           time="34.463">
    <properties></properties>



            <testcase
                name="VerifySuccessfulUserLogin"
                time="31.848"
                classname="capstone.aj.testcases.UserLoginTests">
            </testcase>
            <testcase
                name="VerifyFailedUserLogin"
                time="2.615"
                classname="capstone.aj.testcases.UserLoginTests">
            </testcase>
</testsuite>
